#
# A fatal error has been detected by the Java Runtime Environment:
#
#  SIGSEGV (0xb) at pc=0x00007fff9268e0dd, pid=19233, tid=1811
#
# JRE version: Java(TM) SE Runtime Environment (8.0_40-b27) (build 1.8.0_40-b27)
# Java VM: Java HotSpot(TM) 64-Bit Server VM (25.40-b25 mixed mode bsd-amd64 compressed oops)
# Problematic frame:
# C  [libobjc.A.dylib+0x10dd]  objc_msgSend+0x1d
#
# Failed to write core dump. Core dumps have been disabled. To enable core dumping, try "ulimit -c unlimited" before starting Java again
#
# If you would like to submit a bug report, please visit:
#   http://bugreport.java.com/bugreport/crash.jsp
# The crash happened outside the Java Virtual Machine in native code.
# See problematic frame for where to report the bug.
#

---------------  T H R E A D  ---------------

Current thread (0x00007fa5b9085000):  JavaThread "JavaFX Application Thread" [_thread_in_native, id=1811, stack(0x00007fff4f7fc000,0x00007fff4fffc000)]

siginfo: si_signo: 11 (SIGSEGV), si_code: 1 (SEGV_MAPERR), si_addr: 0x0000000000000018

Registers:
RAX=0x0000000110e07100, RBX=0x00007fa5b90851f8, RCX=0x00007fa5bac19080, RDX=0x0000000000000004
RSP=0x00007fff4ffedd38, RBP=0x00007fff4ffee180, RSI=0x0000000129bc8c90, RDI=0x00007fa5b86ec250
R8 =0x00007fa5b852fd90, R9 =0x0000000000000000, R10=0x0000000129bc8c90, R11=0x0000000000000000
R12=0x0000000000000428, R13=0x0000000000000000, R14=0x0000000000000001, R15=0x000000011090f697
RIP=0x00007fff9268e0dd, EFLAGS=0x0000000000010246, ERR=0x0000000000000004
  TRAPNO=0x000000000000000e

Top of Stack: (sp=0x00007fff4ffedd38)
0x00007fff4ffedd38:   0000000129baffee 000000004ffedd80
0x00007fff4ffedd48:   000000000000000a 00007fff7bfa30d0
0x00007fff4ffedd58:   0000000042000000 00007fa5bac4af68
0x00007fff4ffedd68:   00007fa5b90851f8 00007fa5bac19080
0x00007fff4ffedd78:   0000000000000000 00007fa5b843e230
0x00007fff4ffedd88:   00007fff4ffedd80 0000003002000000
0x00007fff4ffedd98:   0000000000000003 00007fff4ffeddd8
0x00007fff4ffedda8:   00007fa5b843e248 0000000000000000
0x00007fff4ffeddb8:   0000000000000000 0000000000000000
0x00007fff4ffeddc8:   0000000000000000 0000000000000000
0x00007fff4ffeddd8:   00007fa5b840fcb0 0000000000000000
0x00007fff4ffedde8:   00007fff4ffedde0 0000003002000000
0x00007fff4ffeddf8:   00007fff8de30fe0 00007fff8de31000
0x00007fff4ffede08:   0000000000000000 000000f800000000
0x00007fff4ffede18:   000000000000001d 408e97c000000000
0x00007fff4ffede28:   4085ff7000000000 0000000000000000
0x00007fff4ffede38:   0000000000000000 00004185b8daa845
0x00007fff4ffede48:   0000000000000100 0000000000000000
0x00007fff4ffede58:   0000000000000000 0000000400000000
0x00007fff4ffede68:   0000000000000000 0000000000000001
0x00007fff4ffede78:   00000001000002d1 0000000000004b21
0x00007fff4ffede88:   00038efb00429429 0000000000000000
0x00007fff4ffede98:   0000000000000000 0000000000000000
0x00007fff4ffedea8:   0000000000000000 0000000000000000
0x00007fff4ffedeb8:   0000000000000000 0000000000000000
0x00007fff4ffedec8:   0000000000000000 0000000000000000
0x00007fff4ffeded8:   0000000000000000 00007fa5baf516c0
0x00007fff4ffedee8:   0000000000000000 00007fa5baf3c200
0x00007fff4ffedef8:   0000000000000000 0000000000000000
0x00007fff4ffedf08:   4085ff7000000000 08004aa7559aea52
0x00007fff4ffedf18:   0000000000000000 00007fa5b84d8b80
0x00007fff4ffedf28:   0000000000000008 0000000000000000 

Instructions: (pc=0x00007fff9268e0dd)
0x00007fff9268e0bd:   00 00 00 48 85 ff 2e 74 7a 40 f6 c7 01 2e 75 7e
0x00007fff9268e0cd:   49 bb f8 ff ff ff ff 7f 00 00 4c 23 1f 49 89 f2
0x00007fff9268e0dd:   45 23 53 18 49 c1 e2 04 4d 03 53 10 49 3b 32 75
0x00007fff9268e0ed:   04 41 ff 62 08 49 83 3a 00 74 6a 4d 3b 53 10 74 

Register to memory mapping:

RAX=0x0000000110e07100: jni_NativeInterface+0 in /Library/Java/JavaVirtualMachines/jdk1.8.0_40.jdk/Contents/Home/jre/lib/server/libjvm.dylib at 0x0000000110600000
RBX=0x00007fa5b90851f8 is an unknown value
RCX=0x00007fa5bac19080 is an unknown value
RDX=0x0000000000000004 is an unknown value
RSP=0x00007fff4ffedd38 is pointing into the stack for thread: 0x00007fa5b9085000
RBP=0x00007fff4ffee180 is pointing into the stack for thread: 0x00007fa5b9085000
RSI=0x0000000129bc8c90: __FUNCTION__.97860+0x268 in /Library/Java/JavaVirtualMachines/jdk1.8.0_40.jdk/Contents/Home/jre/lib/libglass.dylib at 0x0000000129b98000
RDI=0x00007fa5b86ec250 is an unknown value
R8 =0x00007fa5b852fd90 is an unknown value
R9 =0x0000000000000000 is an unknown value
R10=0x0000000129bc8c90: __FUNCTION__.97860+0x268 in /Library/Java/JavaVirtualMachines/jdk1.8.0_40.jdk/Contents/Home/jre/lib/libglass.dylib at 0x0000000129b98000
R11=0x0000000000000000 is an unknown value
R12=0x0000000000000428 is an unknown value
R13=0x0000000000000000 is an unknown value
R14=0x0000000000000001 is an unknown value
R15=0x000000011090f697: jni_CallStaticVoidMethod+0 in /Library/Java/JavaVirtualMachines/jdk1.8.0_40.jdk/Contents/Home/jre/lib/server/libjvm.dylib at 0x0000000110600000


Stack: [0x00007fff4f7fc000,0x00007fff4fffc000],  sp=0x00007fff4ffedd38,  free space=8135k
Native frames: (J=compiled Java code, j=interpreted, Vv=VM code, C=native code)
C  [libobjc.A.dylib+0x10dd]  objc_msgSend+0x1d
C  [libglass.dylib+0x1769e]  listenTouchEvents+0x5e
C  [CoreGraphics+0x151e27]  processEventTapData+0x2ca
C  [CoreGraphics+0x151a3a]  _CGYPostEventTapData+0xdd
C  [CoreGraphics+0x2d8ec9]  _XPostEventTapData+0x59
C  [CoreGraphics+0x2d8fb2]  CGYEventTap_server+0x56
C  [CoreGraphics+0x151b22]  eventTapMessageHandler+0x2e
C  [CoreFoundation+0x80d87]  __CFMachPortPerform+0xf7
C  [CoreFoundation+0x80c79]  __CFRUNLOOP_IS_CALLING_OUT_TO_A_SOURCE1_PERFORM_FUNCTION__+0x29
C  [CoreFoundation+0x80beb]  __CFRunLoopDoSource1+0x1db
C  [CoreFoundation+0x72767]  __CFRunLoopRun+0x947
C  [CoreFoundation+0x71bd8]  CFRunLoopRunSpecific+0x128
C  [HIToolbox+0x3256f]  RunCurrentEventLoopInMode+0xeb
C  [HIToolbox+0x321ee]  ReceiveNextEventCommon+0xb3
C  [HIToolbox+0x3212b]  _BlockUntilNextEventMatchingListInModeWithFilter+0x47
C  [AppKit+0x919bb]  _DPSNextEvent+0x3d2
C  [AppKit+0x90f68]  -[NSApplication nextEventMatchingMask:untilDate:inMode:dequeue:]+0x15a
C  [AppKit+0x86bf3]  -[NSApplication run]+0x252
C  [libglass.dylib+0x4f47]  -[GlassApplication runLoop:]+0x6f7
C  [Foundation+0x92d00]  __NSThreadPerformPerform+0x125
C  [CoreFoundation+0x80a01]  __CFRUNLOOP_IS_CALLING_OUT_TO_A_SOURCE0_PERFORM_FUNCTION__+0x11
C  [CoreFoundation+0x72b8d]  __CFRunLoopDoSources0+0x10d
C  [CoreFoundation+0x721bf]  __CFRunLoopRun+0x39f
C  [CoreFoundation+0x71bd8]  CFRunLoopRunSpecific+0x128
C  [java+0x6490]  CreateExecutionEnvironment+0x367
C  [java+0x221c]  JLI_Launch+0x7a0
C  [java+0x84ed]  main+0x65
C  [java+0x1a74]  start+0x34
C  0x0000000000000006


---------------  P R O C E S S  ---------------

Java Threads: ( => current thread )
  0x00007fa5ba371000 JavaThread "Prism Font Disposer" daemon [_thread_blocked, id=48659, stack(0x000000012e9aa000,0x000000012eaaa000)]
  0x00007fa5b892f000 JavaThread "JavaFX-Launcher" [_thread_blocked, id=47875, stack(0x000000012d4e7000,0x000000012d5e7000)]
  0x00007fa5b9092000 JavaThread "Thread-3" daemon [_thread_in_native, id=35335, stack(0x000000012c30d000,0x000000012c38d000)]
=>0x00007fa5b9085000 JavaThread "JavaFX Application Thread" [_thread_in_native, id=1811, stack(0x00007fff4f7fc000,0x00007fff4fffc000)]
  0x00007fa5b88dd000 JavaThread "Thread-1" daemon [_thread_blocked, id=24343, stack(0x0000000129bf7000,0x0000000129cf7000)]
  0x00007fa5b999f000 JavaThread "QuantumRenderer-0" daemon [_thread_blocked, id=19459, stack(0x0000000129627000,0x0000000129727000)]
  0x00007fa5b883c000 JavaThread "Service Thread" daemon [_thread_blocked, id=18435, stack(0x0000000129387000,0x0000000129487000)]
  0x00007fa5ba07b800 JavaThread "C1 CompilerThread2" daemon [_thread_blocked, id=17923, stack(0x0000000129284000,0x0000000129384000)]
  0x00007fa5ba07a800 JavaThread "C2 CompilerThread1" daemon [_thread_blocked, id=17411, stack(0x0000000129181000,0x0000000129281000)]
  0x00007fa5b9820000 JavaThread "C2 CompilerThread0" daemon [_thread_blocked, id=16899, stack(0x000000012907e000,0x000000012917e000)]
  0x00007fa5ba00a800 JavaThread "Signal Dispatcher" daemon [_thread_blocked, id=14091, stack(0x0000000128f7b000,0x000000012907b000)]
  0x00007fa5ba029800 JavaThread "Finalizer" daemon [_thread_blocked, id=12035, stack(0x0000000127571000,0x0000000127671000)]
  0x00007fa5ba028800 JavaThread "Reference Handler" daemon [_thread_blocked, id=11523, stack(0x000000012746e000,0x000000012756e000)]
  0x00007fa5b9006000 JavaThread "main" [_thread_blocked, id=5379, stack(0x000000011156a000,0x000000011166a000)]

Other Threads:
  0x00007fa5b881a000 VMThread [stack: 0x000000012736b000,0x000000012746b000] [id=11011]
  0x00007fa5b9820800 WatcherThread [stack: 0x000000012948a000,0x000000012958a000] [id=18947]

VM state:not at safepoint (normal execution)

VM Mutex/Monitor currently owned by a thread: None

Heap:
 PSYoungGen      total 38400K, used 15759K [0x0000000795580000, 0x000000079a080000, 0x00000007c0000000)
  eden space 33280K, 47% used [0x0000000795580000,0x00000007964e3d40,0x0000000797600000)
  from space 5120K, 0% used [0x0000000797600000,0x0000000797600000,0x0000000797b00000)
  to   space 5120K, 0% used [0x0000000799b80000,0x0000000799b80000,0x000000079a080000)
 ParOldGen       total 69120K, used 12528K [0x0000000740000000, 0x0000000744380000, 0x0000000795580000)
  object space 69120K, 18% used [0x0000000740000000,0x0000000740c3c0f8,0x0000000744380000)
 Metaspace       used 24698K, capacity 25562K, committed 25728K, reserved 1071104K
  class space    used 3402K, capacity 3657K, committed 3712K, reserved 1048576K

Card table byte_map: [0x0000000120a2c000,0x0000000120e2d000] byte_map_base: 0x000000011d02c000

Marking Bits: (ParMarkBitMap*) 0x0000000110ec27a0
 Begin Bits: [0x00000001214e4000, 0x00000001234e4000)
 End Bits:   [0x00000001234e4000, 0x00000001254e4000)

Polling page: 0x000000010fd8f000

CodeCache: size=245760Kb used=7164Kb max_used=7164Kb free=238595Kb
 bounds [0x000000011166c000, 0x0000000111d7c000, 0x000000012066c000]
 total_blobs=3097 nmethods=2416 adapters=594
 compilation: enabled

Compilation events (10 events):
Event: 25.614 Thread 0x00007fa5ba07b800 2414       3       java.lang.invoke.MethodHandles$Lookup::checkMethod (83 bytes)
Event: 25.615 Thread 0x00007fa5ba07b800 nmethod 2414 0x0000000111d67850 code [0x0000000111d67a40, 0x0000000111d68478]
Event: 25.615 Thread 0x00007fa5ba07b800 2415       3       java.lang.invoke.MethodHandles$Lookup::maybeBindCaller (44 bytes)
Event: 25.616 Thread 0x00007fa5ba07b800 nmethod 2415 0x0000000111d687d0 code [0x0000000111d689c0, 0x0000000111d69338]
Event: 25.616 Thread 0x00007fa5ba07b800 2416       3       java.lang.invoke.MethodHandleNatives::isCallerSensitive (29 bytes)
Event: 25.616 Thread 0x00007fa5ba07b800 nmethod 2416 0x0000000111d696d0 code [0x0000000111d69880, 0x0000000111d69f28]
Event: 25.616 Thread 0x00007fa5ba07b800 2417       3       java.lang.invoke.MethodHandleNatives::canBeCalledVirtual (132 bytes)
Event: 25.617 Thread 0x00007fa5ba07b800 nmethod 2417 0x0000000111d6a150 code [0x0000000111d6a340, 0x0000000111d6ac78]
Event: 25.617 Thread 0x00007fa5ba07b800 2418       3       java.lang.invoke.MethodHandle::setVarargs (38 bytes)
Event: 25.617 Thread 0x00007fa5ba07b800 nmethod 2418 0x0000000111d6aed0 code [0x0000000111d6b0c0, 0x0000000111d6bb68]

GC Heap History (8 events):
Event: 2.445 GC heap before
{Heap before GC invocations=1 (full 0):
 PSYoungGen      total 38400K, used 33280K [0x0000000795580000, 0x0000000798000000, 0x00000007c0000000)
  eden space 33280K, 100% used [0x0000000795580000,0x0000000797600000,0x0000000797600000)
  from space 5120K, 0% used [0x0000000797b00000,0x0000000797b00000,0x0000000798000000)
  to   space 5120K, 0% used [0x0000000797600000,0x0000000797600000,0x0000000797b00000)
 ParOldGen       total 87552K, used 0K [0x0000000740000000, 0x0000000745580000, 0x0000000795580000)
  object space 87552K, 0% used [0x0000000740000000,0x0000000740000000,0x0000000745580000)
 Metaspace       used 10654K, capacity 10958K, committed 11136K, reserved 1058816K
  class space    used 1288K, capacity 1384K, committed 1408K, reserved 1048576K
Event: 2.457 GC heap after
Heap after GC invocations=1 (full 0):
 PSYoungGen      total 38400K, used 5103K [0x0000000795580000, 0x0000000798000000, 0x00000007c0000000)
  eden space 33280K, 0% used [0x0000000795580000,0x0000000795580000,0x0000000797600000)
  from space 5120K, 99% used [0x0000000797600000,0x0000000797afbc00,0x0000000797b00000)
  to   space 5120K, 0% used [0x0000000797b00000,0x0000000797b00000,0x0000000798000000)
 ParOldGen       total 87552K, used 809K [0x0000000740000000, 0x0000000745580000, 0x0000000795580000)
  object space 87552K, 0% used [0x0000000740000000,0x00000007400ca7e0,0x0000000745580000)
 Metaspace       used 10654K, capacity 10958K, committed 11136K, reserved 1058816K
  class space    used 1288K, capacity 1384K, committed 1408K, reserved 1048576K
}
Event: 4.085 GC heap before
{Heap before GC invocations=2 (full 0):
 PSYoungGen      total 38400K, used 38207K [0x0000000795580000, 0x0000000798000000, 0x00000007c0000000)
  eden space 33280K, 99% used [0x0000000795580000,0x00000007975d4048,0x0000000797600000)
  from space 5120K, 99% used [0x0000000797600000,0x0000000797afbc00,0x0000000797b00000)
  to   space 5120K, 0% used [0x0000000797b00000,0x0000000797b00000,0x0000000798000000)
 ParOldGen       total 87552K, used 809K [0x0000000740000000, 0x0000000745580000, 0x0000000795580000)
  object space 87552K, 0% used [0x0000000740000000,0x00000007400ca7e0,0x0000000745580000)
 Metaspace       used 18108K, capacity 18740K, committed 18944K, reserved 1064960K
  class space    used 2539K, capacity 2724K, committed 2816K, reserved 1048576K
Event: 4.121 GC heap after
Heap after GC invocations=2 (full 0):
 PSYoungGen      total 38400K, used 5107K [0x0000000795580000, 0x000000079a080000, 0x00000007c0000000)
  eden space 33280K, 0% used [0x0000000795580000,0x0000000795580000,0x0000000797600000)
  from space 5120K, 99% used [0x0000000797b00000,0x0000000797ffcc88,0x0000000798000000)
  to   space 5120K, 0% used [0x0000000797600000,0x0000000797600000,0x0000000797b00000)
 ParOldGen       total 87552K, used 5386K [0x0000000740000000, 0x0000000745580000, 0x0000000795580000)
  object space 87552K, 6% used [0x0000000740000000,0x0000000740542b50,0x0000000745580000)
 Metaspace       used 18108K, capacity 18740K, committed 18944K, reserved 1064960K
  class space    used 2539K, capacity 2724K, committed 2816K, reserved 1048576K
}
Event: 7.864 GC heap before
{Heap before GC invocations=3 (full 0):
 PSYoungGen      total 38400K, used 25478K [0x0000000795580000, 0x000000079a080000, 0x00000007c0000000)
  eden space 33280K, 61% used [0x0000000795580000,0x0000000796964ec0,0x0000000797600000)
  from space 5120K, 99% used [0x0000000797b00000,0x0000000797ffcc88,0x0000000798000000)
  to   space 5120K, 0% used [0x0000000797600000,0x0000000797600000,0x0000000797b00000)
 ParOldGen       total 87552K, used 5386K [0x0000000740000000, 0x0000000745580000, 0x0000000795580000)
  object space 87552K, 6% used [0x0000000740000000,0x0000000740542b50,0x0000000745580000)
 Metaspace       used 20525K, capacity 21240K, committed 21296K, reserved 1067008K
  class space    used 2850K, capacity 3054K, committed 3072K, reserved 1048576K
Event: 7.881 GC heap after
Heap after GC invocations=3 (full 0):
 PSYoungGen      total 38400K, used 5107K [0x0000000795580000, 0x000000079a080000, 0x00000007c0000000)
  eden space 33280K, 0% used [0x0000000795580000,0x0000000795580000,0x0000000797600000)
  from space 5120K, 99% used [0x0000000797600000,0x0000000797afcc68,0x0000000797b00000)
  to   space 5120K, 0% used [0x0000000799b80000,0x0000000799b80000,0x000000079a080000)
 ParOldGen       total 87552K, used 11187K [0x0000000740000000, 0x0000000745580000, 0x0000000795580000)
  object space 87552K, 12% used [0x0000000740000000,0x0000000740aecd88,0x0000000745580000)
 Metaspace       used 20525K, capacity 21240K, committed 21296K, reserved 1067008K
  class space    used 2850K, capacity 3054K, committed 3072K, reserved 1048576K
}
Event: 7.881 GC heap before
{Heap before GC invocations=4 (full 1):
 PSYoungGen      total 38400K, used 5107K [0x0000000795580000, 0x000000079a080000, 0x00000007c0000000)
  eden space 33280K, 0% used [0x0000000795580000,0x0000000795580000,0x0000000797600000)
  from space 5120K, 99% used [0x0000000797600000,0x0000000797afcc68,0x0000000797b00000)
  to   space 5120K, 0% used [0x0000000799b80000,0x0000000799b80000,0x000000079a080000)
 ParOldGen       total 87552K, used 11187K [0x0000000740000000, 0x0000000745580000, 0x0000000795580000)
  object space 87552K, 12% used [0x0000000740000000,0x0000000740aecd88,0x0000000745580000)
 Metaspace       used 20525K, capacity 21240K, committed 21296K, reserved 1067008K
  class space    used 2850K, capacity 3054K, committed 3072K, reserved 1048576K
Event: 7.947 GC heap after
Heap after GC invocations=4 (full 1):
 PSYoungGen      total 38400K, used 0K [0x0000000795580000, 0x000000079a080000, 0x00000007c0000000)
  eden space 33280K, 0% used [0x0000000795580000,0x0000000795580000,0x0000000797600000)
  from space 5120K, 0% used [0x0000000797600000,0x0000000797600000,0x0000000797b00000)
  to   space 5120K, 0% used [0x0000000799b80000,0x0000000799b80000,0x000000079a080000)
 ParOldGen       total 69120K, used 12528K [0x0000000740000000, 0x0000000744380000, 0x0000000795580000)
  object space 69120K, 18% used [0x0000000740000000,0x0000000740c3c0f8,0x0000000744380000)
 Metaspace       used 20525K, capacity 21240K, committed 21296K, reserved 1067008K
  class space    used 2850K, capacity 3054K, committed 3072K, reserved 1048576K
}

Deoptimization events (10 events):
Event: 3.624 Thread 0x00007fa5b9085000 Uncommon trap: reason=class_check action=maybe_recompile pc=0x0000000111795a9c method=java.lang.String.equals(Ljava/lang/Object;)Z @ 8
Event: 3.676 Thread 0x00007fa5b9085000 Uncommon trap: reason=unstable_if action=reinterpret pc=0x0000000111ae3a6c method=java.lang.ClassLoader.checkName(Ljava/lang/String;)Z @ 20
Event: 4.068 Thread 0x00007fa5b999f000 Uncommon trap: reason=unstable_if action=reinterpret pc=0x0000000111a3a8a0 method=sun.net.www.ParseUtil.encodePath(Ljava/lang/String;Z)Ljava/lang/String; @ 109
Event: 4.800 Thread 0x00007fa5b9085000 Uncommon trap: reason=unstable_if action=reinterpret pc=0x0000000111b468b4 method=jdk.internal.org.objectweb.asm.Type.getArgumentsAndReturnSizes(Ljava/lang/String;)I @ 47
Event: 8.261 Thread 0x00007fa5b9085000 Uncommon trap: reason=unstable_if action=reinterpret pc=0x0000000111b1d5b8 method=java.lang.String.regionMatches(ZILjava/lang/String;II)Z @ 123
Event: 24.103 Thread 0x00007fa5b9085000 Uncommon trap: reason=unstable_if action=reinterpret pc=0x0000000111b198ec method=java.io.ByteArrayInputStream.read()I @ 8
Event: 24.103 Thread 0x00007fa5b9085000 Uncommon trap: reason=class_check action=maybe_recompile pc=0x0000000111b6d254 method=java.io.FilterInputStream.read()I @ 4
Event: 24.103 Thread 0x00007fa5b9085000 Uncommon trap: reason=class_check action=maybe_recompile pc=0x0000000111b6d254 method=java.io.FilterInputStream.read()I @ 4
Event: 24.103 Thread 0x00007fa5b9085000 Uncommon trap: reason=class_check action=maybe_recompile pc=0x0000000111b6d254 method=java.io.FilterInputStream.read()I @ 4
Event: 24.104 Thread 0x00007fa5b9085000 Uncommon trap: reason=class_check action=maybe_recompile pc=0x0000000111b6d254 method=java.io.FilterInputStream.read()I @ 4

Internal exceptions (10 events):
Event: 1.643 Thread 0x00007fa5b9085000 Exception <a 'java/lang/NullPointerException'> (0x0000000796267db8) thrown at [/Users/java_re/workspace/8-2-build-macosx-x86_64/jdk8u40/3153/hotspot/src/share/vm/prims/jvm.cpp, line 1386]
Event: 2.634 Thread 0x00007fa5b9085000 Exception <a 'java/lang/ArrayIndexOutOfBoundsException'> (0x0000000795bb7740) thrown at [/Users/java_re/workspace/8-2-build-macosx-x86_64/jdk8u40/3153/hotspot/src/share/vm/runtime/sharedRuntime.cpp, line 605]
Event: 2.635 Thread 0x00007fa5b9085000 Exception <a 'java/lang/ArrayIndexOutOfBoundsException'> (0x0000000795bb8ae0) thrown at [/Users/java_re/workspace/8-2-build-macosx-x86_64/jdk8u40/3153/hotspot/src/share/vm/runtime/sharedRuntime.cpp, line 605]
Event: 2.635 Thread 0x00007fa5b9085000 Exception <a 'java/lang/ArrayIndexOutOfBoundsException'> (0x0000000795bba318) thrown at [/Users/java_re/workspace/8-2-build-macosx-x86_64/jdk8u40/3153/hotspot/src/share/vm/runtime/sharedRuntime.cpp, line 605]
Event: 2.716 Thread 0x00007fa5b9085000 Exception <a 'java/lang/ArrayIndexOutOfBoundsException'> (0x0000000795ca4d58) thrown at [/Users/java_re/workspace/8-2-build-macosx-x86_64/jdk8u40/3153/hotspot/src/share/vm/runtime/sharedRuntime.cpp, line 605]
Event: 2.716 Thread 0x00007fa5b9085000 Exception <a 'java/lang/ArrayIndexOutOfBoundsException'> (0x0000000795ca8d98) thrown at [/Users/java_re/workspace/8-2-build-macosx-x86_64/jdk8u40/3153/hotspot/src/share/vm/runtime/sharedRuntime.cpp, line 605]
Event: 2.716 Thread 0x00007fa5b9085000 Exception <a 'java/lang/ArrayIndexOutOfBoundsException'> (0x0000000795ca9af0) thrown at [/Users/java_re/workspace/8-2-build-macosx-x86_64/jdk8u40/3153/hotspot/src/share/vm/runtime/sharedRuntime.cpp, line 605]
Event: 2.939 Thread 0x00007fa5b9085000 Exception <a 'java/lang/ArrayIndexOutOfBoundsException': 58> (0x0000000796546710) thrown at [/Users/java_re/workspace/8-2-build-macosx-x86_64/jdk8u40/3153/hotspot/src/share/vm/interpreter/interpreterRuntime.cpp, line 366]
Event: 2.939 Thread 0x00007fa5b9085000 Exception <a 'java/lang/ArrayIndexOutOfBoundsException': 86> (0x0000000796547b68) thrown at [/Users/java_re/workspace/8-2-build-macosx-x86_64/jdk8u40/3153/hotspot/src/share/vm/interpreter/interpreterRuntime.cpp, line 366]
Event: 3.174 Thread 0x00007fa5b9085000 Implicit null exception at 0x0000000111a83435 to 0x0000000111a8366d

Events (10 events):
Event: 25.609 loading class com/sun/javafx/tk/quantum/ViewScene
Event: 25.609 loading class com/sun/javafx/tk/quantum/ViewScene done
Event: 25.611 loading class com/sun/javafx/tk/quantum/WindowStage
Event: 25.611 loading class com/sun/javafx/tk/quantum/WindowStage done
Event: 25.632 loading class java/util/concurrent/CopyOnWriteArrayList$COWIterator
Event: 25.632 loading class java/util/concurrent/CopyOnWriteArrayList$COWIterator done
Event: 25.632 loading class javafx/application/Application
Event: 25.632 loading class javafx/application/Application done
Event: 25.632 loading class javafx/application/Application
Event: 25.632 loading class javafx/application/Application done


Dynamic libraries:
0x000000000afea000 	/System/Library/Frameworks/Cocoa.framework/Versions/A/Cocoa
0x000000000afea000 	/System/Library/Frameworks/Security.framework/Versions/A/Security
0x000000000afea000 	/System/Library/Frameworks/ApplicationServices.framework/Versions/A/ApplicationServices
0x000000000afea000 	/usr/lib/libz.1.dylib
0x000000000afea000 	/usr/lib/libSystem.B.dylib
0x000000000afea000 	/usr/lib/libobjc.A.dylib
0x000000000afea000 	/System/Library/Frameworks/CoreFoundation.framework/Versions/A/CoreFoundation
0x000000000afea000 	/System/Library/Frameworks/Foundation.framework/Versions/C/Foundation
0x000000000afea000 	/System/Library/Frameworks/AppKit.framework/Versions/C/AppKit
0x000000000afea000 	/System/Library/Frameworks/CoreData.framework/Versions/A/CoreData
0x000000000afea000 	/System/Library/PrivateFrameworks/RemoteViewServices.framework/Versions/A/RemoteViewServices
0x000000000afea000 	/System/Library/PrivateFrameworks/UIFoundation.framework/Versions/A/UIFoundation
0x000000000afea000 	/System/Library/Frameworks/IOSurface.framework/Versions/A/IOSurface
0x000000000afea000 	/System/Library/Frameworks/AudioToolbox.framework/Versions/A/AudioToolbox
0x000000000afea000 	/System/Library/Frameworks/AudioUnit.framework/Versions/A/AudioUnit
0x000000000afea000 	/System/Library/PrivateFrameworks/DataDetectorsCore.framework/Versions/A/DataDetectorsCore
0x000000000afea000 	/System/Library/PrivateFrameworks/DesktopServicesPriv.framework/Versions/A/DesktopServicesPriv
0x000000000afea000 	/System/Library/Frameworks/Carbon.framework/Versions/A/Frameworks/HIToolbox.framework/Versions/A/HIToolbox
0x000000000afea000 	/System/Library/Frameworks/QuartzCore.framework/Versions/A/QuartzCore
0x000000000afea000 	/System/Library/Frameworks/Carbon.framework/Versions/A/Frameworks/SpeechRecognition.framework/Versions/A/SpeechRecognition
0x000000000afea000 	/usr/lib/libauto.dylib
0x000000000afea000 	/usr/lib/libicucore.A.dylib
0x000000000afea000 	/usr/lib/libxml2.2.dylib
0x000000000afea000 	/System/Library/PrivateFrameworks/CoreUI.framework/Versions/A/CoreUI
0x000000000afea000 	/System/Library/Frameworks/CoreAudio.framework/Versions/A/CoreAudio
0x000000000afea000 	/System/Library/Frameworks/DiskArbitration.framework/Versions/A/DiskArbitration
0x000000000afea000 	/usr/lib/liblangid.dylib
0x000000000afea000 	/System/Library/PrivateFrameworks/MultitouchSupport.framework/Versions/A/MultitouchSupport
0x000000000afea000 	/System/Library/Frameworks/IOKit.framework/Versions/A/IOKit
0x000000000afea000 	/usr/lib/libDiagnosticMessagesClient.dylib
0x000000000afea000 	/System/Library/Frameworks/CoreServices.framework/Versions/A/CoreServices
0x000000000afea000 	/System/Library/PrivateFrameworks/PerformanceAnalysis.framework/Versions/A/PerformanceAnalysis
0x000000000afea000 	/System/Library/PrivateFrameworks/GenerationalStorage.framework/Versions/A/GenerationalStorage
0x000000000afea000 	/System/Library/Frameworks/OpenGL.framework/Versions/A/OpenGL
0x000000000afea000 	/System/Library/PrivateFrameworks/Sharing.framework/Versions/A/Sharing
0x000000000afea000 	/System/Library/Frameworks/CoreGraphics.framework/Versions/A/CoreGraphics
0x000000000afea000 	/System/Library/Frameworks/CoreText.framework/Versions/A/CoreText
0x000000000afea000 	/System/Library/Frameworks/ImageIO.framework/Versions/A/ImageIO
0x000000000afea000 	/usr/lib/libextension.dylib
0x000000000afea000 	/System/Library/PrivateFrameworks/Backup.framework/Versions/A/Backup
0x000000000afea000 	/usr/lib/libarchive.2.dylib
0x000000000afea000 	/System/Library/Frameworks/CFNetwork.framework/Versions/A/CFNetwork
0x000000000afea000 	/System/Library/Frameworks/SystemConfiguration.framework/Versions/A/SystemConfiguration
0x000000000afea000 	/usr/lib/libCRFSuite.dylib
0x000000000afea000 	/usr/lib/libc++.1.dylib
0x000000000afea000 	/usr/lib/libc++abi.dylib
0x000000000afea000 	/usr/lib/system/libcache.dylib
0x000000000afea000 	/usr/lib/system/libcommonCrypto.dylib
0x000000000afea000 	/usr/lib/system/libcompiler_rt.dylib
0x000000000afea000 	/usr/lib/system/libcopyfile.dylib
0x000000000afea000 	/usr/lib/system/libcorecrypto.dylib
0x000000000afea000 	/usr/lib/system/libdispatch.dylib
0x000000000afea000 	/usr/lib/system/libdyld.dylib
0x000000000afea000 	/usr/lib/system/libkeymgr.dylib
0x000000000afea000 	/usr/lib/system/liblaunch.dylib
0x000000000afea000 	/usr/lib/system/libmacho.dylib
0x000000000afea000 	/usr/lib/system/libquarantine.dylib
0x000000000afea000 	/usr/lib/system/libremovefile.dylib
0x000000000afea000 	/usr/lib/system/libsystem_asl.dylib
0x000000000afea000 	/usr/lib/system/libsystem_blocks.dylib
0x000000000afea000 	/usr/lib/system/libsystem_c.dylib
0x000000000afea000 	/usr/lib/system/libsystem_configuration.dylib
0x000000000afea000 	/usr/lib/system/libsystem_coreservices.dylib
0x000000000afea000 	/usr/lib/system/libsystem_coretls.dylib
0x000000000afea000 	/usr/lib/system/libsystem_dnssd.dylib
0x000000000afea000 	/usr/lib/system/libsystem_info.dylib
0x000000000afea000 	/usr/lib/system/libsystem_kernel.dylib
0x000000000afea000 	/usr/lib/system/libsystem_m.dylib
0x000000000afea000 	/usr/lib/system/libsystem_malloc.dylib
0x000000000afea000 	/usr/lib/system/libsystem_network.dylib
0x000000000afea000 	/usr/lib/system/libsystem_networkextension.dylib
0x000000000afea000 	/usr/lib/system/libsystem_notify.dylib
0x000000000afea000 	/usr/lib/system/libsystem_platform.dylib
0x000000000afea000 	/usr/lib/system/libsystem_pthread.dylib
0x000000000afea000 	/usr/lib/system/libsystem_sandbox.dylib
0x000000000afea000 	/usr/lib/system/libsystem_secinit.dylib
0x000000000afea000 	/usr/lib/system/libsystem_stats.dylib
0x000000000afea000 	/usr/lib/system/libsystem_trace.dylib
0x000000000afea000 	/usr/lib/system/libunc.dylib
0x000000000afea000 	/usr/lib/system/libunwind.dylib
0x000000000afea000 	/usr/lib/system/libxpc.dylib
0x000000000afea000 	/usr/lib/libbz2.1.0.dylib
0x000000000afea000 	/usr/lib/liblzma.5.dylib
0x000000000afea000 	/usr/lib/libbsm.0.dylib
0x000000000afea000 	/usr/lib/libsqlite3.dylib
0x000000000afea000 	/usr/lib/system/libkxld.dylib
0x000000000afea000 	/usr/lib/libxar.1.dylib
0x000000000afea000 	/usr/lib/libpam.2.dylib
0x000000000afea000 	/usr/lib/libOpenScriptingUtil.dylib
0x000000000afea000 	/System/Library/Frameworks/CoreServices.framework/Versions/A/Frameworks/FSEvents.framework/Versions/A/FSEvents
0x000000000afea000 	/System/Library/Frameworks/CoreServices.framework/Versions/A/Frameworks/CarbonCore.framework/Versions/A/CarbonCore
0x000000000afea000 	/System/Library/Frameworks/CoreServices.framework/Versions/A/Frameworks/Metadata.framework/Versions/A/Metadata
0x000000000afea000 	/System/Library/Frameworks/CoreServices.framework/Versions/A/Frameworks/OSServices.framework/Versions/A/OSServices
0x000000000afea000 	/System/Library/Frameworks/CoreServices.framework/Versions/A/Frameworks/SearchKit.framework/Versions/A/SearchKit
0x000000000afea000 	/System/Library/Frameworks/CoreServices.framework/Versions/A/Frameworks/AE.framework/Versions/A/AE
0x000000000afea000 	/System/Library/Frameworks/CoreServices.framework/Versions/A/Frameworks/LaunchServices.framework/Versions/A/LaunchServices
0x000000000afea000 	/System/Library/Frameworks/CoreServices.framework/Versions/A/Frameworks/DictionaryServices.framework/Versions/A/DictionaryServices
0x000000000afea000 	/System/Library/Frameworks/NetFS.framework/Versions/A/NetFS
0x000000000afea000 	/System/Library/PrivateFrameworks/NetAuth.framework/Versions/A/NetAuth
0x000000000afea000 	/System/Library/PrivateFrameworks/login.framework/Versions/A/Frameworks/loginsupport.framework/Versions/A/loginsupport
0x000000000afea000 	/System/Library/PrivateFrameworks/TCC.framework/Versions/A/TCC
0x000000000afea000 	/usr/lib/libmecabra.dylib
0x000000000afea000 	/System/Library/Frameworks/ApplicationServices.framework/Versions/A/Frameworks/ATS.framework/Versions/A/ATS
0x000000000afea000 	/System/Library/Frameworks/ApplicationServices.framework/Versions/A/Frameworks/ColorSync.framework/Versions/A/ColorSync
0x000000000afea000 	/System/Library/Frameworks/ApplicationServices.framework/Versions/A/Frameworks/HIServices.framework/Versions/A/HIServices
0x000000000afea000 	/System/Library/Frameworks/ApplicationServices.framework/Versions/A/Frameworks/LangAnalysis.framework/Versions/A/LangAnalysis
0x000000000afea000 	/System/Library/Frameworks/ApplicationServices.framework/Versions/A/Frameworks/PrintCore.framework/Versions/A/PrintCore
0x000000000afea000 	/System/Library/Frameworks/ApplicationServices.framework/Versions/A/Frameworks/QD.framework/Versions/A/QD
0x000000000afea000 	/System/Library/Frameworks/ApplicationServices.framework/Versions/A/Frameworks/SpeechSynthesis.framework/Versions/A/SpeechSynthesis
0x000000000afea000 	/System/Library/Frameworks/Accelerate.framework/Versions/A/Accelerate
0x000000000afea000 	/System/Library/Frameworks/Accelerate.framework/Versions/A/Frameworks/vImage.framework/Versions/A/vImage
0x000000000afea000 	/System/Library/Frameworks/Accelerate.framework/Versions/A/Frameworks/vecLib.framework/Versions/A/vecLib
0x000000000afea000 	/System/Library/Frameworks/Accelerate.framework/Versions/A/Frameworks/vecLib.framework/Versions/A/libvDSP.dylib
0x000000000afea000 	/System/Library/Frameworks/Accelerate.framework/Versions/A/Frameworks/vecLib.framework/Versions/A/libvMisc.dylib
0x000000000afea000 	/System/Library/Frameworks/Accelerate.framework/Versions/A/Frameworks/vecLib.framework/Versions/A/libLAPACK.dylib
0x000000000afea000 	/System/Library/Frameworks/Accelerate.framework/Versions/A/Frameworks/vecLib.framework/Versions/A/libBLAS.dylib
0x000000000afea000 	/System/Library/Frameworks/Accelerate.framework/Versions/A/Frameworks/vecLib.framework/Versions/A/libLinearAlgebra.dylib
0x000000000afea000 	/System/Library/Frameworks/ApplicationServices.framework/Versions/A/Frameworks/ATS.framework/Versions/A/Resources/libFontParser.dylib
0x000000000afea000 	/System/Library/Frameworks/ApplicationServices.framework/Versions/A/Frameworks/ATS.framework/Versions/A/Resources/libFontRegistry.dylib
0x000000000afea000 	/System/Library/PrivateFrameworks/AppleVPA.framework/Versions/A/AppleVPA
0x000000000afea000 	/System/Library/PrivateFrameworks/AppleJPEG.framework/Versions/A/AppleJPEG
0x000000000afea000 	/System/Library/Frameworks/ImageIO.framework/Versions/A/Resources/libJPEG.dylib
0x000000000afea000 	/System/Library/Frameworks/ImageIO.framework/Versions/A/Resources/libTIFF.dylib
0x000000000afea000 	/System/Library/Frameworks/ImageIO.framework/Versions/A/Resources/libPng.dylib
0x000000000afea000 	/System/Library/Frameworks/ImageIO.framework/Versions/A/Resources/libGIF.dylib
0x000000000afea000 	/System/Library/Frameworks/ImageIO.framework/Versions/A/Resources/libJP2.dylib
0x000000000afea000 	/System/Library/Frameworks/ImageIO.framework/Versions/A/Resources/libRadiance.dylib
0x000000000afea000 	/System/Library/Frameworks/CoreVideo.framework/Versions/A/CoreVideo
0x000000000afea000 	/System/Library/Frameworks/OpenGL.framework/Versions/A/Libraries/libGLU.dylib
0x000000000afea000 	/System/Library/Frameworks/OpenGL.framework/Versions/A/Libraries/libGFXShared.dylib
0x000000000afea000 	/System/Library/Frameworks/OpenGL.framework/Versions/A/Libraries/libGL.dylib
0x000000000afea000 	/System/Library/Frameworks/OpenGL.framework/Versions/A/Libraries/libGLImage.dylib
0x000000000afea000 	/System/Library/Frameworks/OpenGL.framework/Versions/A/Libraries/libCVMSPluginSupport.dylib
0x000000000afea000 	/System/Library/Frameworks/OpenGL.framework/Versions/A/Libraries/libCoreVMClient.dylib
0x000000000afea000 	/usr/lib/libcups.2.dylib
0x000000000afea000 	/System/Library/Frameworks/Kerberos.framework/Versions/A/Kerberos
0x000000000afea000 	/System/Library/Frameworks/GSS.framework/Versions/A/GSS
0x000000000afea000 	/usr/lib/libresolv.9.dylib
0x000000000afea000 	/usr/lib/libiconv.2.dylib
0x000000000afea000 	/System/Library/PrivateFrameworks/Heimdal.framework/Versions/A/Heimdal
0x000000000afea000 	/usr/lib/libheimdal-asn1.dylib
0x000000000afea000 	/System/Library/Frameworks/OpenDirectory.framework/Versions/A/OpenDirectory
0x000000000afea000 	/System/Library/PrivateFrameworks/CommonAuth.framework/Versions/A/CommonAuth
0x000000000afea000 	/System/Library/Frameworks/OpenDirectory.framework/Versions/A/Frameworks/CFOpenDirectory.framework/Versions/A/CFOpenDirectory
0x000000000afea000 	/System/Library/Frameworks/SecurityFoundation.framework/Versions/A/SecurityFoundation
0x000000000afea000 	/System/Library/PrivateFrameworks/LanguageModeling.framework/Versions/A/LanguageModeling
0x000000000afea000 	/usr/lib/libcmph.dylib
0x000000000afea000 	/System/Library/Frameworks/ServiceManagement.framework/Versions/A/ServiceManagement
0x000000000afea000 	/usr/lib/libxslt.1.dylib
0x000000000afea000 	/System/Library/Frameworks/Carbon.framework/Versions/A/Frameworks/Ink.framework/Versions/A/Ink
0x000000000afea000 	/System/Library/Frameworks/QuartzCore.framework/Versions/A/Frameworks/CoreImage.framework/Versions/A/CoreImage
0x000000000afea000 	/System/Library/PrivateFrameworks/CrashReporterSupport.framework/Versions/A/CrashReporterSupport
0x000000000afea000 	/System/Library/Frameworks/OpenCL.framework/Versions/A/OpenCL
0x000000000afea000 	/System/Library/PrivateFrameworks/FaceCore.framework/Versions/A/FaceCore
0x000000000afea000 	/System/Library/PrivateFrameworks/Ubiquity.framework/Versions/A/Ubiquity
0x000000000afea000 	/System/Library/PrivateFrameworks/IconServices.framework/Versions/A/IconServices
0x000000000afea000 	/System/Library/PrivateFrameworks/ChunkingLibrary.framework/Versions/A/ChunkingLibrary
0x000000000afea000 	/System/Library/PrivateFrameworks/Apple80211.framework/Versions/A/Apple80211
0x000000000afea000 	/System/Library/Frameworks/CoreWLAN.framework/Versions/A/CoreWLAN
0x000000000afea000 	/System/Library/Frameworks/IOBluetooth.framework/Versions/A/IOBluetooth
0x000000000afea000 	/System/Library/PrivateFrameworks/CoreWiFi.framework/Versions/A/CoreWiFi
0x000000000afea000 	/System/Library/Frameworks/CoreBluetooth.framework/Versions/A/CoreBluetooth
0x000000000afea000 	/System/Library/PrivateFrameworks/DebugSymbols.framework/Versions/A/DebugSymbols
0x000000000afea000 	/System/Library/PrivateFrameworks/CoreSymbolication.framework/Versions/A/CoreSymbolication
0x000000000afea000 	/System/Library/PrivateFrameworks/Symbolication.framework/Versions/A/Symbolication
0x000000000afea000 	/System/Library/PrivateFrameworks/SpeechRecognitionCore.framework/Versions/A/SpeechRecognitionCore
0x0000000110600000 	/Library/Java/JavaVirtualMachines/jdk1.8.0_40.jdk/Contents/Home/jre/lib/server/libjvm.dylib
0x000000000afea000 	/usr/lib/libstdc++.6.dylib
0x000000010fd4c000 	/Library/Java/JavaVirtualMachines/jdk1.8.0_40.jdk/Contents/Home/jre/lib/libverify.dylib
0x000000010fd5a000 	/Library/Java/JavaVirtualMachines/jdk1.8.0_40.jdk/Contents/Home/jre/lib/libjava.dylib
0x000000010fd99000 	/Library/Java/JavaVirtualMachines/jdk1.8.0_40.jdk/Contents/Home/jre/lib/libzip.dylib
0x000000010fdea000 	/System/Library/Frameworks/JavaVM.framework/Frameworks/JavaRuntimeSupport.framework/JavaRuntimeSupport
0x0000000127673000 	/System/Library/Frameworks/JavaVM.framework/Versions/A/Frameworks/JavaNativeFoundation.framework/Versions/A/JavaNativeFoundation
0x0000000127687000 	/System/Library/Frameworks/JavaVM.framework/Versions/A/JavaVM
0x000000000afea000 	/System/Library/Frameworks/Carbon.framework/Versions/A/Carbon
0x0000000127693000 	/System/Library/PrivateFrameworks/JavaLaunching.framework/Versions/A/JavaLaunching
0x000000000afea000 	/System/Library/Frameworks/Carbon.framework/Versions/A/Frameworks/CommonPanels.framework/Versions/A/CommonPanels
0x000000000afea000 	/System/Library/Frameworks/Carbon.framework/Versions/A/Frameworks/Help.framework/Versions/A/Help
0x000000000afea000 	/System/Library/Frameworks/Carbon.framework/Versions/A/Frameworks/ImageCapture.framework/Versions/A/ImageCapture
0x000000000afea000 	/System/Library/Frameworks/Carbon.framework/Versions/A/Frameworks/OpenScripting.framework/Versions/A/OpenScripting
0x000000000afea000 	/System/Library/Frameworks/Carbon.framework/Versions/A/Frameworks/Print.framework/Versions/A/Print
0x000000000afea000 	/System/Library/Frameworks/Carbon.framework/Versions/A/Frameworks/SecurityHI.framework/Versions/A/SecurityHI
0x0000000129729000 	/Library/Java/JavaVirtualMachines/jdk1.8.0_40.jdk/Contents/Home/jre/lib/libprism_es2.dylib
0x000000000afea000 	/System/Library/Frameworks/OpenGL.framework/Versions/A/Resources/GLEngine.bundle/GLEngine
0x000000000afea000 	/System/Library/Frameworks/OpenGL.framework/Versions/A/Libraries/libGLProgrammability.dylib
0x0000000000000000 	/System/Library/Extensions/AppleIntelBDWGraphicsGLDriver.bundle/Contents/MacOS/AppleIntelBDWGraphicsGLDriver
0x000000000afea000 	/System/Library/PrivateFrameworks/IOAccelerator.framework/Versions/A/IOAccelerator
0x000000000afea000 	/System/Library/PrivateFrameworks/GPUSupport.framework/Versions/A/Libraries/libGPUSupportMercury.dylib
0x000000000afea000 	/System/Library/Frameworks/OpenGL.framework/Versions/A/Resources/GLRendererFloat.bundle/GLRendererFloat
0x000000000afea000 	/System/Library/Frameworks/OpenCL.framework/Versions/A/Libraries/libcldcpuengine.dylib
0x000000000afea000 	/System/Library/PrivateFrameworks/DiskImages.framework/Versions/A/DiskImages
0x000000000afea000 	/System/Library/Frameworks/DiscRecording.framework/Versions/A/DiscRecording
0x000000000afea000 	/usr/lib/libcsfde.dylib
0x000000000afea000 	/usr/lib/libcurl.4.dylib
0x000000000afea000 	/System/Library/PrivateFrameworks/MediaKit.framework/Versions/A/MediaKit
0x000000000afea000 	/System/Library/PrivateFrameworks/ProtectedCloudStorage.framework/Versions/A/ProtectedCloudStorage
0x000000000afea000 	/usr/lib/libCoreStorage.dylib
0x000000000afea000 	/System/Library/PrivateFrameworks/EFILogin.framework/Versions/A/EFILogin
0x000000000afea000 	/usr/lib/libutil.dylib
0x000000000afea000 	/System/Library/PrivateFrameworks/FindMyDevice.framework/Versions/A/FindMyDevice
0x000000000afea000 	/System/Library/Frameworks/LDAP.framework/Versions/A/LDAP
0x000000000afea000 	/usr/lib/libsasl2.2.dylib
0x000000000afea000 	/System/Library/PrivateFrameworks/CoreDaemon.framework/Versions/B/CoreDaemon
0x000000000afea000 	/usr/lib/libcrypto.0.9.8.dylib
0x000000000afea000 	/System/Library/PrivateFrameworks/AppleSRP.framework/Versions/A/AppleSRP
0x000000000afea000 	/System/Library/PrivateFrameworks/TrustEvaluationAgent.framework/Versions/A/TrustEvaluationAgent
0x0000000129b98000 	/Library/Java/JavaVirtualMachines/jdk1.8.0_40.jdk/Contents/Home/jre/lib/libglass.dylib
0x000000000afea000 	/System/Library/PrivateFrameworks/CoreServicesInternal.framework/Versions/A/CoreServicesInternal
0x000000000afea000 	/System/Library/PrivateFrameworks/CloudDocs.framework/Versions/A/CloudDocs
0x000000000afea000 	/System/Library/PrivateFrameworks/CoreDuet.framework/Versions/A/CoreDuet
0x000000000afea000 	/System/Library/Frameworks/CloudKit.framework/Versions/A/CloudKit
0x000000000afea000 	/System/Library/PrivateFrameworks/ProtocolBuffer.framework/Versions/A/ProtocolBuffer
0x000000000afea000 	/System/Library/PrivateFrameworks/CoreDuetDaemonProtocol.framework/Versions/A/CoreDuetDaemonProtocol
0x000000000afea000 	/System/Library/PrivateFrameworks/CoreDuetDebugLogging.framework/Versions/A/CoreDuetDebugLogging
0x000000000afea000 	/System/Library/PrivateFrameworks/MMCS.framework/Versions/A/MMCS
0x000000000afea000 	/System/Library/Frameworks/CoreLocation.framework/Versions/A/CoreLocation
0x000000000afea000 	/System/Library/PrivateFrameworks/GeoServices.framework/Versions/A/GeoServices
0x000000000afea000 	/System/Library/Frameworks/CoreGraphics.framework/Versions/A/Resources/libCGCMS.A.dylib
0x000000000afea000 	/System/Library/CoreServices/RawCamera.bundle/Contents/MacOS/RawCamera
0x000000000afea000 	/System/Library/Frameworks/CoreGraphics.framework/Versions/A/Resources/libRIP.A.dylib
0x000000000afea000 	/System/Library/PrivateFrameworks/FamilyControls.framework/Versions/A/FamilyControls
0x000000000afea000 	/System/Library/PrivateFrameworks/CommerceKit.framework/Versions/A/Frameworks/CommerceCore.framework/Versions/A/CommerceCore
0x000000000afea000 	/System/Library/PrivateFrameworks/SystemAdministration.framework/Versions/A/SystemAdministration
0x000000000afea000 	/System/Library/PrivateFrameworks/AppContainer.framework/Versions/A/AppContainer
0x000000000afea000 	/System/Library/PrivateFrameworks/SecCodeWrapper.framework/Versions/A/SecCodeWrapper
0x000000000afea000 	/System/Library/Frameworks/DirectoryService.framework/Versions/A/DirectoryService
0x000000000afea000 	/System/Library/PrivateFrameworks/LoginUIKit.framework/Versions/A/Frameworks/LoginUICore.framework/Versions/A/LoginUICore
0x000000000afea000 	/usr/lib/libodfde.dylib
0x000000012de1a000 	/Library/Java/JavaVirtualMachines/jdk1.8.0_40.jdk/Contents/Home/jre/lib/libnet.dylib
0x000000012de31000 	/Library/Java/JavaVirtualMachines/jdk1.8.0_40.jdk/Contents/Home/jre/lib/libjavafx_font.dylib
0x000000000afea000 	/System/Library/Frameworks/CoreGraphics.framework/Versions/A/Resources/libCGXType.A.dylib
0x000000013033d000 	/Library/Java/JavaVirtualMachines/jdk1.8.0_40.jdk/Contents/Home/jre/lib/libprism_common.dylib
0x0000000131af6000 	cl_kernels
0x0000000131af8000 	/System/Library/Frameworks/OpenCL.framework/Versions/A/Libraries/ImageFormats/unorm8_bgra.dylib
0x0000000131ae8000 	cl_kernels

VM Arguments:
jvm_args: -Dfile.encoding=UTF-8 
java_command: /Users/evanguby/Documents/FrienDBSystem/FrienDB-Client/dist/run25362706/FrienDB-Client.jar
java_class_path (initial): /Users/evanguby/Documents/FrienDBSystem/FrienDB-Client/dist/run25362706/FrienDB-Client.jar
Launcher Type: SUN_STANDARD

Environment Variables:
PATH=/usr/bin:/bin:/usr/sbin:/sbin
LD_LIBRARY_PATH=/Library/Java/JavaVirtualMachines/jdk1.8.0_40.jdk/Contents/Home/jre/lib/amd64:/Library/Java/JavaVirtualMachines/jdk1.8.0_40.jdk/Contents/Home/jre/lib/i386:
SHELL=/bin/bash
DYLD_LIBRARY_PATH=/Applications/NetBeans/NetBeans 8.0.2.app/Contents/Resources/NetBeans/webcommon/bin:

Signal Handlers:
SIGSEGV: [libjvm.dylib+0x58ef95], sa_mask[0]=11111111011111110111111111111111, sa_flags=SA_ONSTACK|SA_RESTART|SA_SIGINFO
SIGBUS: [libjvm.dylib+0x58ef95], sa_mask[0]=11111111011111110111111111111111, sa_flags=SA_RESTART|SA_SIGINFO
SIGFPE: [libjvm.dylib+0x46c118], sa_mask[0]=11111111011111110111111111111111, sa_flags=SA_RESTART|SA_SIGINFO
SIGPIPE: [libjvm.dylib+0x46c118], sa_mask[0]=11111111011111110111111111111111, sa_flags=SA_RESTART|SA_SIGINFO
SIGXFSZ: [libjvm.dylib+0x46c118], sa_mask[0]=11111111011111110111111111111111, sa_flags=SA_RESTART|SA_SIGINFO
SIGILL: [libjvm.dylib+0x46c118], sa_mask[0]=11111111011111110111111111111111, sa_flags=SA_RESTART|SA_SIGINFO
SIGUSR1: SIG_DFL, sa_mask[0]=00000000000000000000000000000000, sa_flags=none
SIGUSR2: [libjvm.dylib+0x46bc36], sa_mask[0]=00100000000000000000000000000000, sa_flags=SA_RESTART|SA_SIGINFO
SIGHUP: [libjvm.dylib+0x46a209], sa_mask[0]=11111111011111110111111111111111, sa_flags=SA_RESTART|SA_SIGINFO
SIGINT: SIG_IGN, sa_mask[0]=00000000000000000000000000000000, sa_flags=none
SIGTERM: [libjvm.dylib+0x46a209], sa_mask[0]=11111111011111110111111111111111, sa_flags=SA_RESTART|SA_SIGINFO
SIGQUIT: [libjvm.dylib+0x46a209], sa_mask[0]=11111111011111110111111111111111, sa_flags=SA_RESTART|SA_SIGINFO


---------------  S Y S T E M  ---------------

OS:Bsduname:Darwin 14.3.0 Darwin Kernel Version 14.3.0: Mon Mar 23 11:59:05 PDT 2015; root:xnu-2782.20.48~5/RELEASE_X86_64 x86_64
rlimit: STACK 8192k, CORE 0k, NPROC 709, NOFILE 10240, AS infinity
load average:5.35 3.87 3.46

CPU:total 4 (2 cores per cpu, 2 threads per core) family 6 model 61 stepping 4, cmov, cx8, fxsr, mmx, sse, sse2, sse3, ssse3, sse4.1, sse4.2, popcnt, avx, avx2, aes, clmul, erms, 3dnowpref, lzcnt, ht, tsc, tscinvbit, bmi1, bmi2, adx

Memory: 4k page, physical 8388608k(50944k free)

/proc/meminfo:


vm_info: Java HotSpot(TM) 64-Bit Server VM (25.40-b25) for bsd-amd64 JRE (1.8.0_40-b27), built on Mar 13 2015 04:46:52 by "java_re" with gcc 4.2.1 (Based on Apple Inc. build 5658) (LLVM build 2336.11.00)

time: Thu May  7 04:43:38 2015
elapsed time: 25 seconds (0d 0h 0m 25s)

